<?xml version="1.0" encoding="UTF-8"?>
<testsuite xmlns:xsi="http://www.w3.org/2001/XMLSchema-instance" xsi:noNamespaceSchemaLocation="https://maven.apache.org/surefire/maven-surefire-plugin/xsd/surefire-test-report.xsd" name="io.vertx.exc.excercise.TestMainVerticle" time="1.517" tests="1" errors="0" skipped="0" failures="0">
  <properties>
    <property name="sun.desktop" value="windows"/>
    <property name="awt.toolkit" value="sun.awt.windows.WToolkit"/>
    <property name="file.encoding.pkg" value="sun.io"/>
    <property name="java.specification.version" value="1.8"/>
    <property name="sun.cpu.isalist" value="amd64"/>
    <property name="sun.jnu.encoding" value="Cp1252"/>
    <property name="java.class.path" value="C:\Users\asafs\eclipse-workspace\Job Interview Projects\excercise\target\test-classes;C:\Users\asafs\eclipse-workspace\Job Interview Projects\excercise\target\classes;C:\Users\asafs\.m2\repository\io\vertx\vertx-core\3.5.3\vertx-core-3.5.3.jar;C:\Users\asafs\.m2\repository\io\netty\netty-common\4.1.19.Final\netty-common-4.1.19.Final.jar;C:\Users\asafs\.m2\repository\io\netty\netty-buffer\4.1.19.Final\netty-buffer-4.1.19.Final.jar;C:\Users\asafs\.m2\repository\io\netty\netty-transport\4.1.19.Final\netty-transport-4.1.19.Final.jar;C:\Users\asafs\.m2\repository\io\netty\netty-handler\4.1.19.Final\netty-handler-4.1.19.Final.jar;C:\Users\asafs\.m2\repository\io\netty\netty-codec\4.1.19.Final\netty-codec-4.1.19.Final.jar;C:\Users\asafs\.m2\repository\io\netty\netty-handler-proxy\4.1.19.Final\netty-handler-proxy-4.1.19.Final.jar;C:\Users\asafs\.m2\repository\io\netty\netty-codec-socks\4.1.19.Final\netty-codec-socks-4.1.19.Final.jar;C:\Users\asafs\.m2\repository\io\netty\netty-codec-http\4.1.19.Final\netty-codec-http-4.1.19.Final.jar;C:\Users\asafs\.m2\repository\io\netty\netty-codec-http2\4.1.19.Final\netty-codec-http2-4.1.19.Final.jar;C:\Users\asafs\.m2\repository\io\netty\netty-resolver\4.1.19.Final\netty-resolver-4.1.19.Final.jar;C:\Users\asafs\.m2\repository\io\netty\netty-resolver-dns\4.1.19.Final\netty-resolver-dns-4.1.19.Final.jar;C:\Users\asafs\.m2\repository\io\netty\netty-codec-dns\4.1.19.Final\netty-codec-dns-4.1.19.Final.jar;C:\Users\asafs\.m2\repository\com\fasterxml\jackson\core\jackson-core\2.9.5\jackson-core-2.9.5.jar;C:\Users\asafs\.m2\repository\com\fasterxml\jackson\core\jackson-databind\2.9.5\jackson-databind-2.9.5.jar;C:\Users\asafs\.m2\repository\com\fasterxml\jackson\core\jackson-annotations\2.9.5\jackson-annotations-2.9.5.jar;C:\Users\asafs\.m2\repository\io\vertx\vertx-web\3.5.3\vertx-web-3.5.3.jar;C:\Users\asafs\.m2\repository\io\vertx\vertx-auth-common\3.5.3\vertx-auth-common-3.5.3.jar;C:\Users\asafs\.m2\repository\io\vertx\vertx-bridge-common\3.5.3\vertx-bridge-common-3.5.3.jar;C:\Users\asafs\.m2\repository\io\vertx\vertx-junit5\3.5.3\vertx-junit5-3.5.3.jar;C:\Users\asafs\.m2\repository\org\junit\jupiter\junit-jupiter-api\5.2.0\junit-jupiter-api-5.2.0.jar;C:\Users\asafs\.m2\repository\org\opentest4j\opentest4j\1.1.0\opentest4j-1.1.0.jar;C:\Users\asafs\.m2\repository\org\junit\platform\junit-platform-commons\1.2.0\junit-platform-commons-1.2.0.jar;C:\Users\asafs\.m2\repository\org\junit\jupiter\junit-jupiter-params\5.2.0\junit-jupiter-params-5.2.0.jar;C:\Users\asafs\.m2\repository\org\junit\platform\junit-platform-launcher\1.2.0\junit-platform-launcher-1.2.0.jar;C:\Users\asafs\.m2\repository\org\apiguardian\apiguardian-api\1.0.0\apiguardian-api-1.0.0.jar;C:\Users\asafs\.m2\repository\org\junit\platform\junit-platform-engine\1.2.0\junit-platform-engine-1.2.0.jar;C:\Users\asafs\.m2\repository\org\apache\airavata\levenshtein-distance-service\0.2-incubating\levenshtein-distance-service-0.2-incubating.jar;"/>
    <property name="java.vm.vendor" value="Oracle Corporation"/>
    <property name="sun.arch.data.model" value="64"/>
    <property name="user.variant" value=""/>
    <property name="java.vendor.url" value="http://java.oracle.com/"/>
    <property name="user.timezone" value=""/>
    <property name="user.country.format" value="IL"/>
    <property name="java.vm.specification.version" value="1.8"/>
    <property name="os.name" value="Windows 10"/>
    <property name="user.country" value="US"/>
    <property name="sun.java.launcher" value="SUN_STANDARD"/>
    <property name="sun.boot.library.path" value="C:\Program Files\Java\jdk1.8.0_161\jre\bin"/>
    <property name="sun.java.command" value="C:\Users\asafs\AppData\Local\Temp\surefire1179191624615046894\surefirebooter8839942313288036876.jar C:\Users\asafs\AppData\Local\Temp\surefire1179191624615046894 2018-09-01T16-57-40_810-jvmRun1 surefire3276703659989297277tmp surefire_08643888477637810495tmp"/>
    <property name="surefire.test.class.path" value="C:\Users\asafs\eclipse-workspace\Job Interview Projects\excercise\target\test-classes;C:\Users\asafs\eclipse-workspace\Job Interview Projects\excercise\target\classes;C:\Users\asafs\.m2\repository\io\vertx\vertx-core\3.5.3\vertx-core-3.5.3.jar;C:\Users\asafs\.m2\repository\io\netty\netty-common\4.1.19.Final\netty-common-4.1.19.Final.jar;C:\Users\asafs\.m2\repository\io\netty\netty-buffer\4.1.19.Final\netty-buffer-4.1.19.Final.jar;C:\Users\asafs\.m2\repository\io\netty\netty-transport\4.1.19.Final\netty-transport-4.1.19.Final.jar;C:\Users\asafs\.m2\repository\io\netty\netty-handler\4.1.19.Final\netty-handler-4.1.19.Final.jar;C:\Users\asafs\.m2\repository\io\netty\netty-codec\4.1.19.Final\netty-codec-4.1.19.Final.jar;C:\Users\asafs\.m2\repository\io\netty\netty-handler-proxy\4.1.19.Final\netty-handler-proxy-4.1.19.Final.jar;C:\Users\asafs\.m2\repository\io\netty\netty-codec-socks\4.1.19.Final\netty-codec-socks-4.1.19.Final.jar;C:\Users\asafs\.m2\repository\io\netty\netty-codec-http\4.1.19.Final\netty-codec-http-4.1.19.Final.jar;C:\Users\asafs\.m2\repository\io\netty\netty-codec-http2\4.1.19.Final\netty-codec-http2-4.1.19.Final.jar;C:\Users\asafs\.m2\repository\io\netty\netty-resolver\4.1.19.Final\netty-resolver-4.1.19.Final.jar;C:\Users\asafs\.m2\repository\io\netty\netty-resolver-dns\4.1.19.Final\netty-resolver-dns-4.1.19.Final.jar;C:\Users\asafs\.m2\repository\io\netty\netty-codec-dns\4.1.19.Final\netty-codec-dns-4.1.19.Final.jar;C:\Users\asafs\.m2\repository\com\fasterxml\jackson\core\jackson-core\2.9.5\jackson-core-2.9.5.jar;C:\Users\asafs\.m2\repository\com\fasterxml\jackson\core\jackson-databind\2.9.5\jackson-databind-2.9.5.jar;C:\Users\asafs\.m2\repository\com\fasterxml\jackson\core\jackson-annotations\2.9.5\jackson-annotations-2.9.5.jar;C:\Users\asafs\.m2\repository\io\vertx\vertx-web\3.5.3\vertx-web-3.5.3.jar;C:\Users\asafs\.m2\repository\io\vertx\vertx-auth-common\3.5.3\vertx-auth-common-3.5.3.jar;C:\Users\asafs\.m2\repository\io\vertx\vertx-bridge-common\3.5.3\vertx-bridge-common-3.5.3.jar;C:\Users\asafs\.m2\repository\io\vertx\vertx-junit5\3.5.3\vertx-junit5-3.5.3.jar;C:\Users\asafs\.m2\repository\org\junit\jupiter\junit-jupiter-api\5.2.0\junit-jupiter-api-5.2.0.jar;C:\Users\asafs\.m2\repository\org\opentest4j\opentest4j\1.1.0\opentest4j-1.1.0.jar;C:\Users\asafs\.m2\repository\org\junit\platform\junit-platform-commons\1.2.0\junit-platform-commons-1.2.0.jar;C:\Users\asafs\.m2\repository\org\junit\jupiter\junit-jupiter-params\5.2.0\junit-jupiter-params-5.2.0.jar;C:\Users\asafs\.m2\repository\org\junit\platform\junit-platform-launcher\1.2.0\junit-platform-launcher-1.2.0.jar;C:\Users\asafs\.m2\repository\org\apiguardian\apiguardian-api\1.0.0\apiguardian-api-1.0.0.jar;C:\Users\asafs\.m2\repository\org\junit\platform\junit-platform-engine\1.2.0\junit-platform-engine-1.2.0.jar;C:\Users\asafs\.m2\repository\org\apache\airavata\levenshtein-distance-service\0.2-incubating\levenshtein-distance-service-0.2-incubating.jar;"/>
    <property name="sun.cpu.endian" value="little"/>
    <property name="user.home" value="C:\Users\asafs"/>
    <property name="user.language" value="en"/>
    <property name="java.specification.vendor" value="Oracle Corporation"/>
    <property name="java.home" value="C:\Program Files\Java\jdk1.8.0_161\jre"/>
    <property name="basedir" value="C:\Users\asafs\eclipse-workspace\Job Interview Projects\excercise"/>
    <property name="file.separator" value="\"/>
    <property name="line.separator" value="&#10;"/>
    <property name="java.vm.specification.vendor" value="Oracle Corporation"/>
    <property name="java.specification.name" value="Java Platform API Specification"/>
    <property name="java.awt.graphicsenv" value="sun.awt.Win32GraphicsEnvironment"/>
    <property name="surefire.real.class.path" value="C:\Users\asafs\AppData\Local\Temp\surefire1179191624615046894\surefirebooter8839942313288036876.jar"/>
    <property name="sun.boot.class.path" value="C:\Program Files\Java\jdk1.8.0_161\jre\lib\resources.jar;C:\Program Files\Java\jdk1.8.0_161\jre\lib\rt.jar;C:\Program Files\Java\jdk1.8.0_161\jre\lib\sunrsasign.jar;C:\Program Files\Java\jdk1.8.0_161\jre\lib\jsse.jar;C:\Program Files\Java\jdk1.8.0_161\jre\lib\jce.jar;C:\Program Files\Java\jdk1.8.0_161\jre\lib\charsets.jar;C:\Program Files\Java\jdk1.8.0_161\jre\lib\jfr.jar;C:\Program Files\Java\jdk1.8.0_161\jre\classes"/>
    <property name="user.script" value=""/>
    <property name="sun.management.compiler" value="HotSpot 64-Bit Tiered Compilers"/>
    <property name="java.runtime.version" value="1.8.0_161-b12"/>
    <property name="user.name" value="asafs"/>
    <property name="path.separator" value=";"/>
    <property name="os.version" value="10.0"/>
    <property name="java.endorsed.dirs" value="C:\Program Files\Java\jdk1.8.0_161\jre\lib\endorsed"/>
    <property name="java.runtime.name" value="Java(TM) SE Runtime Environment"/>
    <property name="file.encoding" value="Cp1252"/>
    <property name="java.vm.name" value="Java HotSpot(TM) 64-Bit Server VM"/>
    <property name="localRepository" value="C:\Users\asafs\.m2\repository"/>
    <property name="java.vendor.url.bug" value="http://bugreport.sun.com/bugreport/"/>
    <property name="java.io.tmpdir" value="C:\Users\asafs\AppData\Local\Temp\"/>
    <property name="java.version" value="1.8.0_161"/>
    <property name="user.dir" value="C:\Users\asafs\eclipse-workspace\Job Interview Projects\excercise"/>
    <property name="os.arch" value="amd64"/>
    <property name="java.vm.specification.name" value="Java Virtual Machine Specification"/>
    <property name="java.awt.printerjob" value="sun.awt.windows.WPrinterJob"/>
    <property name="sun.os.patch.level" value=""/>
    <property name="java.library.path" value="C:\Program Files\Java\jdk1.8.0_161\jre\bin;C:\WINDOWS\Sun\Java\bin;C:\WINDOWS\system32;C:\WINDOWS;C:\Users\asafs\AppData\Roaming\npm;C:\Program Files\nodejs\;C:\ProgramData\Oracle\Java\javapath;C:\Program Files (x86)\Intel\iCLS Client\;C:\Program Files\Intel\iCLS Client\;C:\WINDOWS\system32;C:\WINDOWS;C:\WINDOWS\System32\Wbem;C:\WINDOWS\System32\WindowsPowerShell\v1.0\;C:\Program Files (x86)\Intel\Intel(R) Management Engine Components\DAL;C:\Program Files\Intel\Intel(R) Management Engine Components\DAL;C:\Program Files (x86)\Intel\Intel(R) Management Engine Components\IPT;C:\Program Files\Intel\Intel(R) Management Engine Components\IPT;C:\Program Files\nodejs\;C:\Program Files\Java\jdk1.8.0_161\bin;C:\WINDOWS\System32\OpenSSH\;C:\Program Files\MySQL\MySQL Utilities 1.6\;C:\Program Files\Git\cmd;C:\Users\asafs\AppData\Local\Microsoft\WindowsApps;C:\Program Files\Microsoft VS Code\bin;C:\Users\asafs\AppData\Roaming\npm;&quot;;C:\Program Files\Java\jdk1.8.0_161\bin&quot;;C:\Users\asafs\AppData\Local\GitHubDesktop\bin;C:\Program Files\heroku\bin;C:\apache-maven-3.5.4\bin;;."/>
    <property name="java.vm.info" value="mixed mode"/>
    <property name="java.vendor" value="Oracle Corporation"/>
    <property name="java.vm.version" value="25.161-b12"/>
    <property name="java.ext.dirs" value="C:\Program Files\Java\jdk1.8.0_161\jre\lib\ext;C:\WINDOWS\Sun\Java\lib\ext"/>
    <property name="sun.io.unicode.encoding" value="UnicodeLittle"/>
    <property name="java.class.version" value="52.0"/>
  </properties>
  <testcase name="start_http_server{Vertx, VertxTestContext}" classname="io.vertx.exc.excercise.TestMainVerticle" time="1.512"/>
</testsuite>